<?xml version="1.0" encoding="UTF-8" ?>
<testsuite tests="3" failures="0" name="com.wakaleo.gameoflife.web.controllers.WhenCreatingANewGame" time="0.001" errors="0" skipped="0">
  <properties>
[...]
</properties>
  <testcase classname="com.wakaleo.gameoflife.web.controllers.WhenCreatingANewGame" name="whenTheUserCreatesTheFirstGenerationAnEmptyUniverseShouldBeAddedToTheSession" time="0.001"/>
  <testcase classname="com.wakaleo.gameoflife.web.controllers.WhenCreatingANewGame" name="whenTheUserCreatesTheFirstGenerationTheUniverseDimensionsShouldBeAddedToTheSession" time="0.001"/>
  <testcase classname="com.wakaleo.gameoflife.web.controllers.WhenCreatingANewGame" name="anEmptyUniverseShouldBeAddedToTheSession" time="0.001"/>
</testsuite>