<?xml version="1.0" encoding="UTF-8" ?>
<testsuite tests="4" failures="0" name="com.wakaleo.gameoflife.domain.WhenYouPlayTheGameOfLife" time="0.002" errors="0" skipped="0">
  <properties>
[...]
</properties>
  <testcase classname="com.wakaleo.gameoflife.domain.WhenYouPlayTheGameOfLife" name="aDeadCellWithNoNeighboursShouldRemainDeadInTheNextGeneration" time="0"/>
  <testcase classname="com.wakaleo.gameoflife.domain.WhenYouPlayTheGameOfLife" name="aDeadCellWithOneLiveNeighbourShouldRemainDeadInTheNextGeneration" time="0.001"/>
  <testcase classname="com.wakaleo.gameoflife.domain.WhenYouPlayTheGameOfLife" name="liveCellaWith2or3iveNeighbourShouldRemainAliveInTheNextGeneration" time="0.001"/>
  <testcase classname="com.wakaleo.gameoflife.domain.WhenYouPlayTheGameOfLife" name="aLiveCellWithExactlyTwoLiveNeighbourShouldRemainAliveInTheNextGeneration" time="0.001"/>
</testsuite>